     1                                  bits 32 ; assembling for the 32 bits architecture
     2                                  
     3                                  ; declare the EntryPoint (a label defining the very first instruction of the program)
     4                                  global start        
     5                                  
     6                                  ; declare external functions needed by our program
     7                                  extern exit               ; tell nasm that exit exists even if we won't be defining it
     8                                  import exit msvcrt.dll    ; exit is a function that ends the calling process. It is defined in msvcrt.dll
     9                                                            ; msvcrt.dll contains exit, printf and all the other important C-runtime specific functions
    10                                  
    11                                  ; our data is declared here (the variables needed by our program)
    12                                  segment data use32 class=data
    13                                      ; ...
    14 00000000 C75A                        a dw 05ac7h
    15 00000002 49                          b db 049h
    16                                  ; our code starts here
    17                                  segment code use32 class=code
    18                                      start:
    19                                          ; ...
    20 00000000 66A1[00000000]                  mov ax,word[a]
    21 00000006 66C1C808                        ror ax,8
    22 0000000A 6683E00F                        and ax,0fh
    23                                          
    24 0000000E 8A1D[02000000]                  mov bl,byte[b]
    25 00000014 80E3F0                          and bl, 0f0h
    26 00000017 08C3                            or bl,al
    27                                          
    28 00000019 881D[02000000]                  mov [b],bl
    29                                          ; exit(0)
    30 0000001F 6A00                            push    dword 0      ; push the parameter for exit onto the stack
    31 00000021 FF15[00000000]                  call    [exit]       ; call exit to terminate the program
