[2018-03-28 18:04:30] [info] Start Program:
Path:"C:\Users\George\Desktop\Magazin_electronice\Debug\Magazin_electronice.exe"
Arguments:
Working directory: "C:\Users\George\Desktop\Magazin_electronice\Magazin_electronice\"
Modules: Selected: C:\Users\George\Desktop\Magazin_electronice\Debug\Magazin_electronice.exe Excluded: 
Sources: Selected: C:\Users\George\Desktop\Magazin_electronice\Magazin_electronice Excluded: 
Log Level: Normal
Cover Children: 0
Aggregate by file: 1
Continue after C++ exception: 0
Optimized build support: 0
Export: Binary C:\Users\George\AppData\Local\Temp\ju3jf3ks.kwl 
Input coverage: 
Unified diff: 
Excluded line regular expressions: 

[2018-03-28 18:04:30] [info] Module: C:\Users\George\Desktop\Magazin_electronice\Debug\Magazin_electronice.exe is selected because it matches selected pattern: C:\Users\George\Desktop\Magazin_electronice\Debug\Magazin_electronice.exe
[2018-03-28 18:04:30] [info] Module: C:\Windows\SysWOW64\ntdll.dll is skipped because it matches no selected patterns
[2018-03-28 18:04:30] [info] Module: C:\Windows\SysWOW64\kernel32.dll is skipped because it matches no selected patterns
[2018-03-28 18:04:30] [info] Module: C:\Windows\SysWOW64\KernelBase.dll is skipped because it matches no selected patterns
[2018-03-28 18:04:30] [info] Module: C:\Windows\SysWOW64\vcruntime140d.dll is skipped because it matches no selected patterns
[2018-03-28 18:04:30] [info] Module: C:\Windows\SysWOW64\ucrtbased.dll is skipped because it matches no selected patterns
[2018-03-28 18:04:30] [info] Module: C:\Windows\SysWOW64\ucrtbased.dll is skipped because it matches no selected patterns
[2018-03-28 18:04:32] [info] Module: C:\Windows\SysWOW64\kernel.appcore.dll is skipped because it matches no selected patterns
[2018-03-28 18:04:32] [info] Module: C:\Windows\SysWOW64\msvcrt.dll is skipped because it matches no selected patterns
[2018-03-28 18:04:32] [info] Module: C:\Windows\SysWOW64\rpcrt4.dll is skipped because it matches no selected patterns
[2018-03-28 18:04:32] [info] Module: C:\Windows\SysWOW64\sspicli.dll is skipped because it matches no selected patterns
[2018-03-28 18:04:32] [info] Module: C:\Windows\SysWOW64\cryptbase.dll is skipped because it matches no selected patterns
[2018-03-28 18:04:32] [info] Module: C:\Windows\SysWOW64\bcryptprimitives.dll is skipped because it matches no selected patterns
[2018-03-28 18:04:32] [info] Module: C:\Windows\SysWOW64\sechost.dll is skipped because it matches no selected patterns
[2018-03-28 18:04:32] [info] ----------------------------------------------------
[2018-03-28 18:04:32] [info] Coverage binary generated in file: C:\Users\George\AppData\Local\Temp\ju3jf3ks.kwl
[2018-03-28 18:04:32] [info] ----------------------------------------------------
